<?xml version="1.0" encoding="UTF-8"?>
<!-- Generated by org.testng.reporters.JUnitXMLReporter -->
<testsuite hostname="admin-PC" ignored="6" name="Default test" tests="3" failures="0" timestamp="18 Feb 2021 14:11:44 GMT" time="45.808" errors="0">
  <testcase name="Sort_assertion" time="0.607" classname="Testes.BasePage"/>
  <testcase name="Submit_Form_Label" time="1.202" classname="Testes.BasePage"/>
  <testcase name="nd_data" time="0.002" classname="Testes.BasePage"/>
  <testcase name="verifyemailTriggered" time="0.0" classname="Testes.BasePage">
    <ignored/>
  </testcase> <!-- verifyemailTriggered -->
  <testcase name="verifyDB" time="0.0" classname="Testes.BasePage">
    <ignored/>
  </testcase> <!-- verifyDB -->
  <testcase name="sorting" time="0.0" classname="Testes.BasePage">
    <ignored/>
  </testcase> <!-- sorting -->
  <testcase name="random_num" time="0.0" classname="Testes.BasePage">
    <ignored/>
  </testcase> <!-- random_num -->
  <testcase name="Hard_assertion" time="0.0" classname="Testes.BasePage">
    <ignored/>
  </testcase> <!-- Hard_assertion -->
  <testcase name="FillForm" time="0.0" classname="Testes.BasePage">
    <ignored/>
  </testcase> <!-- FillForm -->
</testsuite> <!-- Default test -->
