<?xml version="1.0" encoding="UTF-8"?>
<testng-results skipped="0" failed="0" ignored="6" total="9" passed="3">
  <reporter-output>
  </reporter-output>
  <suite name="Default suite" duration-ms="45808" started-at="2021-02-18T14:10:58Z" finished-at="2021-02-18T14:11:44Z">
    <groups>
    </groups>
    <test name="Default test" duration-ms="45808" started-at="2021-02-18T14:10:58Z" finished-at="2021-02-18T14:11:44Z">
      <class name="Testes.BasePage">
        <test-method status="PASS" signature="open()[pri:0, instance:Testes.BasePage@553f17c]" name="open" is-config="true" duration-ms="17160" started-at="2021-02-18T14:10:58Z" finished-at="2021-02-18T14:11:15Z">
          <reporter-output>
          </reporter-output>
        </test-method> <!-- open -->
        <test-method status="PASS" signature="Sort_assertion()[pri:0, instance:Testes.BasePage@553f17c]" name="Sort_assertion" duration-ms="607" started-at="2021-02-18T14:11:15Z" finished-at="2021-02-18T14:11:16Z">
          <reporter-output>
          </reporter-output>
        </test-method> <!-- Sort_assertion -->
        <test-method status="PASS" signature="CloseBrowser()[pri:0, instance:Testes.BasePage@553f17c]" name="CloseBrowser" is-config="true" duration-ms="801" started-at="2021-02-18T14:11:16Z" finished-at="2021-02-18T14:11:17Z">
          <reporter-output>
          </reporter-output>
        </test-method> <!-- CloseBrowser -->
        <test-method status="PASS" signature="open()[pri:0, instance:Testes.BasePage@553f17c]" name="open" is-config="true" duration-ms="12298" started-at="2021-02-18T14:11:17Z" finished-at="2021-02-18T14:11:29Z">
          <reporter-output>
          </reporter-output>
        </test-method> <!-- open -->
        <test-method status="PASS" signature="Submit_Form_Label()[pri:0, instance:Testes.BasePage@553f17c]" name="Submit_Form_Label" duration-ms="1202" started-at="2021-02-18T14:11:29Z" finished-at="2021-02-18T14:11:30Z">
          <reporter-output>
          </reporter-output>
        </test-method> <!-- Submit_Form_Label -->
        <test-method status="PASS" signature="CloseBrowser()[pri:0, instance:Testes.BasePage@553f17c]" name="CloseBrowser" is-config="true" duration-ms="1068" started-at="2021-02-18T14:11:30Z" finished-at="2021-02-18T14:11:31Z">
          <reporter-output>
          </reporter-output>
        </test-method> <!-- CloseBrowser -->
        <test-method status="PASS" signature="open()[pri:0, instance:Testes.BasePage@553f17c]" name="open" is-config="true" duration-ms="11121" started-at="2021-02-18T14:11:31Z" finished-at="2021-02-18T14:11:42Z">
          <reporter-output>
          </reporter-output>
        </test-method> <!-- open -->
        <test-method status="PASS" signature="nd_data()[pri:0, instance:Testes.BasePage@553f17c]" name="nd_data" duration-ms="2" started-at="2021-02-18T14:11:42Z" finished-at="2021-02-18T14:11:42Z">
          <reporter-output>
          </reporter-output>
        </test-method> <!-- nd_data -->
        <test-method status="PASS" signature="CloseBrowser()[pri:0, instance:Testes.BasePage@553f17c]" name="CloseBrowser" is-config="true" duration-ms="1483" started-at="2021-02-18T14:11:42Z" finished-at="2021-02-18T14:11:44Z">
          <reporter-output>
          </reporter-output>
        </test-method> <!-- CloseBrowser -->
      </class> <!-- Testes.BasePage -->
    </test> <!-- Default test -->
  </suite> <!-- Default suite -->
</testng-results>
